<?xml version="1.0" encoding="UTF-8"?>
<testng-results ignored="0" total="3" passed="3" failed="0" skipped="0">
  <reporter-output>
  </reporter-output>
  <suite started-at="2024-06-13T14:17:42 IST" name="Default suite" finished-at="2024-06-13T14:18:04 IST" duration-ms="21503">
    <groups>
    </groups>
    <test started-at="2024-06-13T14:17:42 IST" name="Default test" finished-at="2024-06-13T14:18:04 IST" duration-ms="21503">
      <class name="UserPreference.CrudeOperation">
        <test-method is-config="true" signature="beforeTest()[pri:0, instance:UserPreference.CrudeOperation@6f204a1a]" started-at="2024-06-13T14:17:42 IST" name="beforeTest" finished-at="2024-06-13T14:17:52 IST" duration-ms="9842" status="PASS">
          <reporter-output>
          </reporter-output>
        </test-method> <!-- beforeTest -->
        <test-method signature="AddProduct1()[pri:0, instance:UserPreference.CrudeOperation@6f204a1a]" started-at="2024-06-13T14:17:52 IST" name="AddProduct1" finished-at="2024-06-13T14:18:02 IST" duration-ms="10164" status="PASS">
          <reporter-output>
          </reporter-output>
        </test-method> <!-- AddProduct1 -->
        <test-method signature="PreviewProduct()[pri:1, instance:UserPreference.CrudeOperation@6f204a1a]" started-at="2024-06-13T14:18:02 IST" name="PreviewProduct" finished-at="2024-06-13T14:18:03 IST" duration-ms="481" status="PASS">
          <reporter-output>
          </reporter-output>
        </test-method> <!-- PreviewProduct -->
        <test-method signature="DeleteProduct()[pri:2, instance:UserPreference.CrudeOperation@6f204a1a]" started-at="2024-06-13T14:18:03 IST" name="DeleteProduct" finished-at="2024-06-13T14:18:04 IST" duration-ms="987" status="PASS">
          <reporter-output>
          </reporter-output>
        </test-method> <!-- DeleteProduct -->
        <test-method is-config="true" signature="afterTest()[pri:0, instance:UserPreference.CrudeOperation@6f204a1a]" started-at="2024-06-13T14:18:04 IST" name="afterTest" finished-at="2024-06-13T14:18:04 IST" duration-ms="1" status="PASS">
          <reporter-output>
          </reporter-output>
        </test-method> <!-- afterTest -->
      </class> <!-- UserPreference.CrudeOperation -->
    </test> <!-- Default test -->
  </suite> <!-- Default suite -->
</testng-results>
